<?xml version="1.0" encoding="UTF-8"?>
<coverage generated="1766754246030" clover="3.2.0">
  <project timestamp="1766754246030" name="All files">
    <metrics statements="52" coveredstatements="51" conditionals="17" coveredconditionals="12" methods="15" coveredmethods="15" elements="84" coveredelements="78" complexity="0" loc="52" ncloc="52" packages="1" files="3" classes="3"/>
    <file name="useBulkUrlParams.ts" path="/Users/pkuzina/workspace/my-npm-resources/utils-kit/packages/react-url-query-params/src/useBulkUrlParams.ts">
      <metrics statements="23" coveredstatements="23" conditionals="4" coveredconditionals="3" methods="8" coveredmethods="8"/>
      <line num="20" count="9" type="stmt"/>
      <line num="26" count="9" type="stmt"/>
      <line num="28" count="4" type="stmt"/>
      <line num="30" count="4" type="stmt"/>
      <line num="31" count="6" type="stmt"/>
      <line num="34" count="4" type="stmt"/>
      <line num="39" count="9" type="stmt"/>
      <line num="40" count="9" type="stmt"/>
      <line num="41" count="9" type="stmt"/>
      <line num="43" count="9" type="stmt"/>
      <line num="44" count="18" type="stmt"/>
      <line num="45" count="18" type="stmt"/>
      <line num="47" count="18" type="stmt"/>
      <line num="48" count="36" type="stmt"/>
      <line num="50" count="36" type="stmt"/>
      <line num="56" count="9" type="stmt"/>
      <line num="59" count="9" type="stmt"/>
      <line num="61" count="1" type="stmt"/>
      <line num="63" count="1" type="stmt"/>
      <line num="64" count="2" type="cond" truecount="1" falsecount="1"/>
      <line num="65" count="2" type="stmt"/>
      <line num="69" count="1" type="stmt"/>
      <line num="74" count="9" type="stmt"/>
    </file>
    <file name="useUrlParams.ts" path="/Users/pkuzina/workspace/my-npm-resources/utils-kit/packages/react-url-query-params/src/useUrlParams.ts">
      <metrics statements="28" coveredstatements="27" conditionals="11" coveredconditionals="8" methods="6" coveredmethods="6"/>
      <line num="21" count="11" type="stmt"/>
      <line num="23" count="11" type="stmt"/>
      <line num="25" count="11" type="stmt"/>
      <line num="27" count="4" type="cond" truecount="1" falsecount="1"/>
      <line num="28" count="4" type="stmt"/>
      <line num="29" count="4" type="stmt"/>
      <line num="31" count="4" type="stmt"/>
      <line num="37" count="11" type="stmt"/>
      <line num="39" count="5" type="cond" truecount="2" falsecount="0"/>
      <line num="40" count="2" type="stmt"/>
      <line num="41" count="2" type="stmt"/>
      <line num="44" count="3" type="stmt"/>
      <line num="47" count="3" type="cond" truecount="1" falsecount="1"/>
      <line num="48" count="3" type="stmt"/>
      <line num="50" count="3" type="stmt"/>
      <line num="52" count="0" type="stmt"/>
      <line num="55" count="3" type="stmt"/>
      <line num="60" count="11" type="stmt"/>
      <line num="62" count="1" type="stmt"/>
      <line num="64" count="1" type="cond" truecount="1" falsecount="1"/>
      <line num="65" count="1" type="stmt"/>
      <line num="67" count="1" type="stmt"/>
      <line num="73" count="11" type="stmt"/>
      <line num="74" count="11" type="stmt"/>
      <line num="76" count="23" type="stmt"/>
      <line num="77" count="23" type="stmt"/>
      <line num="79" count="23" type="stmt"/>
      <line num="88" count="11" type="stmt"/>
    </file>
    <file name="utils.ts" path="/Users/pkuzina/workspace/my-npm-resources/utils-kit/packages/react-url-query-params/src/utils.ts">
      <metrics statements="1" coveredstatements="1" conditionals="2" coveredconditionals="1" methods="1" coveredmethods="1"/>
      <line num="1" count="133" type="cond" truecount="1" falsecount="1"/>
    </file>
  </project>
</coverage>
