{
  "/Users/pkuzina/workspace/my-npm-resources/utils-kit/packages/react-url-query-params/src/useBulkUrlParams.ts": {
    "path": "/Users/pkuzina/workspace/my-npm-resources/utils-kit/packages/react-url-query-params/src/useBulkUrlParams.ts",
    "statementMap": {
      "0": { "start": { "line": 20, "column": 38 }, "end": { "line": 20, "column": null } },
      "1": { "start": { "line": 26, "column": 8 }, "end": { "line": 37, "column": null } },
      "2": { "start": { "line": 28, "column": 21 }, "end": { "line": 28, "column": null } },
      "3": { "start": { "line": 30, "column": 6 }, "end": { "line": 32, "column": null } },
      "4": { "start": { "line": 31, "column": 8 }, "end": { "line": 31, "column": null } },
      "5": { "start": { "line": 34, "column": 6 }, "end": { "line": 34, "column": null } },
      "6": { "start": { "line": 39, "column": 8 }, "end": { "line": 57, "column": null } },
      "7": { "start": { "line": 40, "column": 19 }, "end": { "line": 40, "column": null } },
      "8": { "start": { "line": 41, "column": 19 }, "end": { "line": 41, "column": null } },
      "9": { "start": { "line": 43, "column": 4 }, "end": { "line": 54, "column": null } },
      "10": { "start": { "line": 44, "column": 12 }, "end": { "line": 44, "column": null } },
      "11": { "start": { "line": 45, "column": 27 }, "end": { "line": 45, "column": null } },
      "12": { "start": { "line": 47, "column": 6 }, "end": { "line": 53, "column": null } },
      "13": { "start": { "line": 48, "column": 14 }, "end": { "line": 48, "column": null } },
      "14": { "start": { "line": 50, "column": 8 }, "end": { "line": 52, "column": null } },
      "15": { "start": { "line": 56, "column": 4 }, "end": { "line": 56, "column": null } },
      "16": { "start": { "line": 59, "column": 8 }, "end": { "line": 72, "column": null } },
      "17": { "start": { "line": 61, "column": 21 }, "end": { "line": 61, "column": null } },
      "18": { "start": { "line": 63, "column": 6 }, "end": { "line": 67, "column": null } },
      "19": { "start": { "line": 64, "column": 8 }, "end": { "line": 66, "column": null } },
      "20": { "start": { "line": 65, "column": 10 }, "end": { "line": 65, "column": null } },
      "21": { "start": { "line": 69, "column": 6 }, "end": { "line": 69, "column": null } },
      "22": { "start": { "line": 74, "column": 2 }, "end": { "line": 78, "column": null } }
    },
    "fnMap": {
      "0": {
        "name": "useBulkUrlParams",
        "decl": { "start": { "line": 17, "column": 9 }, "end": { "line": 17, "column": null } },
        "loc": { "start": { "line": 19, "column": 25 }, "end": { "line": 79, "column": null } },
        "line": 19
      },
      "1": {
        "name": "(anonymous_1)",
        "decl": { "start": { "line": 27, "column": 4 }, "end": { "line": 27, "column": 5 } },
        "loc": { "start": { "line": 27, "column": 80 }, "end": { "line": 35, "column": null } },
        "line": 27
      },
      "2": {
        "name": "(anonymous_2)",
        "decl": { "start": { "line": 30, "column": 37 }, "end": { "line": 30, "column": 38 } },
        "loc": { "start": { "line": 30, "column": 55 }, "end": { "line": 32, "column": 7 } },
        "line": 30
      },
      "3": {
        "name": "(anonymous_3)",
        "decl": { "start": { "line": 39, "column": 37 }, "end": { "line": 39, "column": 43 } },
        "loc": { "start": { "line": 39, "column": 43 }, "end": { "line": 57, "column": 5 } },
        "line": 39
      },
      "4": {
        "name": "(anonymous_4)",
        "decl": { "start": { "line": 43, "column": 35 }, "end": { "line": 43, "column": 36 } },
        "loc": { "start": { "line": 43, "column": 55 }, "end": { "line": 54, "column": 5 } },
        "line": 43
      },
      "5": {
        "name": "(anonymous_5)",
        "decl": { "start": { "line": 47, "column": 22 }, "end": { "line": 47, "column": 23 } },
        "loc": { "start": { "line": 47, "column": 34 }, "end": { "line": 53, "column": 7 } },
        "line": 47
      },
      "6": {
        "name": "(anonymous_6)",
        "decl": { "start": { "line": 60, "column": 4 }, "end": { "line": 60, "column": 5 } },
        "loc": { "start": { "line": 60, "column": 55 }, "end": { "line": 70, "column": null } },
        "line": 60
      },
      "7": {
        "name": "(anonymous_7)",
        "decl": { "start": { "line": 63, "column": 37 }, "end": { "line": 63, "column": 38 } },
        "loc": { "start": { "line": 63, "column": 57 }, "end": { "line": 67, "column": 7 } },
        "line": 63
      }
    },
    "branchMap": {
      "0": {
        "loc": { "start": { "line": 27, "column": 30 }, "end": { "line": 27, "column": 80 } },
        "type": "default-arg",
        "locations": [
          { "start": { "line": 27, "column": 59 }, "end": { "line": 27, "column": 80 } }
        ],
        "line": 27
      },
      "1": {
        "loc": { "start": { "line": 60, "column": 5 }, "end": { "line": 60, "column": 55 } },
        "type": "default-arg",
        "locations": [
          { "start": { "line": 60, "column": 34 }, "end": { "line": 60, "column": 55 } }
        ],
        "line": 60
      },
      "2": {
        "loc": { "start": { "line": 64, "column": 8 }, "end": { "line": 66, "column": null } },
        "type": "if",
        "locations": [
          { "start": { "line": 64, "column": 8 }, "end": { "line": 66, "column": null } },
          { "start": {}, "end": {} }
        ],
        "line": 64
      }
    },
    "s": {
      "0": 9,
      "1": 9,
      "2": 4,
      "3": 4,
      "4": 6,
      "5": 4,
      "6": 9,
      "7": 9,
      "8": 9,
      "9": 9,
      "10": 18,
      "11": 18,
      "12": 18,
      "13": 36,
      "14": 36,
      "15": 9,
      "16": 9,
      "17": 1,
      "18": 1,
      "19": 2,
      "20": 2,
      "21": 1,
      "22": 9
    },
    "f": { "0": 9, "1": 4, "2": 6, "3": 9, "4": 18, "5": 36, "6": 1, "7": 2 },
    "b": { "0": [4], "1": [1], "2": [2, 0] },
    "meta": {
      "lastBranch": 3,
      "lastFunction": 8,
      "lastStatement": 23,
      "seen": {
        "f:17:9:17:Infinity": 0,
        "s:20:38:20:Infinity": 0,
        "s:26:8:37:Infinity": 1,
        "f:27:4:27:5": 1,
        "b:27:59:27:80": 0,
        "s:28:21:28:Infinity": 2,
        "s:30:6:32:Infinity": 3,
        "f:30:37:30:38": 2,
        "s:31:8:31:Infinity": 4,
        "s:34:6:34:Infinity": 5,
        "s:39:8:57:Infinity": 6,
        "f:39:37:39:43": 3,
        "s:40:19:40:Infinity": 7,
        "s:41:19:41:Infinity": 8,
        "s:43:4:54:Infinity": 9,
        "f:43:35:43:36": 4,
        "s:44:12:44:Infinity": 10,
        "s:45:27:45:Infinity": 11,
        "s:47:6:53:Infinity": 12,
        "f:47:22:47:23": 5,
        "s:48:14:48:Infinity": 13,
        "s:50:8:52:Infinity": 14,
        "s:56:4:56:Infinity": 15,
        "s:59:8:72:Infinity": 16,
        "f:60:4:60:5": 6,
        "b:60:34:60:55": 1,
        "s:61:21:61:Infinity": 17,
        "s:63:6:67:Infinity": 18,
        "f:63:37:63:38": 7,
        "b:64:8:66:Infinity:undefined:undefined:undefined:undefined": 2,
        "s:64:8:66:Infinity": 19,
        "s:65:10:65:Infinity": 20,
        "s:69:6:69:Infinity": 21,
        "s:74:2:78:Infinity": 22
      }
    }
  },
  "/Users/pkuzina/workspace/my-npm-resources/utils-kit/packages/react-url-query-params/src/useUrlParams.ts": {
    "path": "/Users/pkuzina/workspace/my-npm-resources/utils-kit/packages/react-url-query-params/src/useUrlParams.ts",
    "statementMap": {
      "0": { "start": { "line": 21, "column": 38 }, "end": { "line": 21, "column": null } },
      "1": { "start": { "line": 23, "column": 23 }, "end": { "line": 23, "column": null } },
      "2": { "start": { "line": 25, "column": 8 }, "end": { "line": 35, "column": null } },
      "3": { "start": { "line": 27, "column": 6 }, "end": { "line": 32, "column": null } },
      "4": { "start": { "line": 28, "column": 23 }, "end": { "line": 28, "column": null } },
      "5": { "start": { "line": 29, "column": 8 }, "end": { "line": 29, "column": null } },
      "6": { "start": { "line": 31, "column": 8 }, "end": { "line": 31, "column": null } },
      "7": { "start": { "line": 37, "column": 8 }, "end": { "line": 58, "column": null } },
      "8": { "start": { "line": 39, "column": 6 }, "end": { "line": 42, "column": null } },
      "9": { "start": { "line": 40, "column": 8 }, "end": { "line": 40, "column": null } },
      "10": { "start": { "line": 41, "column": 8 }, "end": { "line": 41, "column": null } },
      "11": { "start": { "line": 44, "column": 33 }, "end": { "line": 44, "column": null } },
      "12": { "start": { "line": 47, "column": 6 }, "end": { "line": 53, "column": null } },
      "13": { "start": { "line": 48, "column": 14 }, "end": { "line": 48, "column": null } },
      "14": { "start": { "line": 50, "column": 8 }, "end": { "line": 50, "column": null } },
      "15": { "start": { "line": 52, "column": 8 }, "end": { "line": 52, "column": null } },
      "16": { "start": { "line": 55, "column": 6 }, "end": { "line": 55, "column": null } },
      "17": { "start": { "line": 60, "column": 8 }, "end": { "line": 71, "column": null } },
      "18": { "start": { "line": 62, "column": 21 }, "end": { "line": 62, "column": null } },
      "19": { "start": { "line": 64, "column": 6 }, "end": { "line": 68, "column": null } },
      "20": { "start": { "line": 65, "column": 8 }, "end": { "line": 65, "column": null } },
      "21": { "start": { "line": 67, "column": 8 }, "end": { "line": 67, "column": null } },
      "22": { "start": { "line": 73, "column": 8 }, "end": { "line": 86, "column": null } },
      "23": { "start": { "line": 74, "column": 4 }, "end": { "line": 85, "column": null } },
      "24": { "start": { "line": 76, "column": 14 }, "end": { "line": 76, "column": null } },
      "25": { "start": { "line": 77, "column": 14 }, "end": { "line": 77, "column": null } },
      "26": { "start": { "line": 79, "column": 8 }, "end": { "line": 82, "column": null } },
      "27": { "start": { "line": 88, "column": 2 }, "end": { "line": 94, "column": null } }
    },
    "fnMap": {
      "0": {
        "name": "useUrlParams",
        "decl": { "start": { "line": 18, "column": 9 }, "end": { "line": 18, "column": null } },
        "loc": { "start": { "line": 20, "column": 30 }, "end": { "line": 95, "column": null } },
        "line": 20
      },
      "1": {
        "name": "(anonymous_1)",
        "decl": { "start": { "line": 26, "column": 4 }, "end": { "line": 26, "column": 5 } },
        "loc": { "start": { "line": 26, "column": 70 }, "end": { "line": 33, "column": null } },
        "line": 26
      },
      "2": {
        "name": "(anonymous_2)",
        "decl": { "start": { "line": 38, "column": 4 }, "end": { "line": 38, "column": 5 } },
        "loc": { "start": { "line": 38, "column": 57 }, "end": { "line": 56, "column": null } },
        "line": 38
      },
      "3": {
        "name": "(anonymous_3)",
        "decl": { "start": { "line": 61, "column": 4 }, "end": { "line": 61, "column": 5 } },
        "loc": { "start": { "line": 61, "column": 57 }, "end": { "line": 69, "column": null } },
        "line": 61
      },
      "4": {
        "name": "(anonymous_4)",
        "decl": { "start": { "line": 73, "column": 37 }, "end": { "line": 73, "column": 43 } },
        "loc": { "start": { "line": 73, "column": 43 }, "end": { "line": 86, "column": 5 } },
        "line": 73
      },
      "5": {
        "name": "(anonymous_5)",
        "decl": { "start": { "line": 75, "column": 6 }, "end": { "line": 75, "column": 7 } },
        "loc": { "start": { "line": 75, "column": 23 }, "end": { "line": 83, "column": null } },
        "line": 75
      }
    },
    "branchMap": {
      "0": {
        "loc": { "start": { "line": 26, "column": 18 }, "end": { "line": 26, "column": 70 } },
        "type": "default-arg",
        "locations": [
          { "start": { "line": 26, "column": 47 }, "end": { "line": 26, "column": 70 } }
        ],
        "line": 26
      },
      "1": {
        "loc": { "start": { "line": 27, "column": 6 }, "end": { "line": 32, "column": null } },
        "type": "if",
        "locations": [
          { "start": { "line": 27, "column": 6 }, "end": { "line": 32, "column": null } },
          { "start": {}, "end": {} }
        ],
        "line": 27
      },
      "2": {
        "loc": { "start": { "line": 38, "column": 5 }, "end": { "line": 38, "column": 57 } },
        "type": "default-arg",
        "locations": [
          { "start": { "line": 38, "column": 34 }, "end": { "line": 38, "column": 57 } }
        ],
        "line": 38
      },
      "3": {
        "loc": { "start": { "line": 39, "column": 6 }, "end": { "line": 42, "column": null } },
        "type": "if",
        "locations": [
          { "start": { "line": 39, "column": 6 }, "end": { "line": 42, "column": null } },
          { "start": {}, "end": {} }
        ],
        "line": 39
      },
      "4": {
        "loc": { "start": { "line": 47, "column": 6 }, "end": { "line": 53, "column": null } },
        "type": "if",
        "locations": [
          { "start": { "line": 47, "column": 6 }, "end": { "line": 53, "column": null } },
          { "start": { "line": 51, "column": 13 }, "end": { "line": 53, "column": null } }
        ],
        "line": 47
      },
      "5": {
        "loc": { "start": { "line": 61, "column": 5 }, "end": { "line": 61, "column": 57 } },
        "type": "default-arg",
        "locations": [
          { "start": { "line": 61, "column": 34 }, "end": { "line": 61, "column": 57 } }
        ],
        "line": 61
      },
      "6": {
        "loc": { "start": { "line": 64, "column": 6 }, "end": { "line": 68, "column": null } },
        "type": "if",
        "locations": [
          { "start": { "line": 64, "column": 6 }, "end": { "line": 68, "column": null } },
          { "start": {}, "end": {} }
        ],
        "line": 64
      }
    },
    "s": {
      "0": 11,
      "1": 11,
      "2": 11,
      "3": 4,
      "4": 4,
      "5": 4,
      "6": 4,
      "7": 11,
      "8": 5,
      "9": 2,
      "10": 2,
      "11": 3,
      "12": 3,
      "13": 3,
      "14": 3,
      "15": 0,
      "16": 3,
      "17": 11,
      "18": 1,
      "19": 1,
      "20": 1,
      "21": 1,
      "22": 11,
      "23": 11,
      "24": 23,
      "25": 23,
      "26": 23,
      "27": 11
    },
    "f": { "0": 11, "1": 4, "2": 5, "3": 1, "4": 11, "5": 23 },
    "b": { "0": [4], "1": [4, 0], "2": [5], "3": [2, 3], "4": [3, 0], "5": [1], "6": [1, 0] },
    "meta": {
      "lastBranch": 7,
      "lastFunction": 6,
      "lastStatement": 28,
      "seen": {
        "f:18:9:18:Infinity": 0,
        "s:21:38:21:Infinity": 0,
        "s:23:23:23:Infinity": 1,
        "s:25:8:35:Infinity": 2,
        "f:26:4:26:5": 1,
        "b:26:47:26:70": 0,
        "b:27:6:32:Infinity:undefined:undefined:undefined:undefined": 1,
        "s:27:6:32:Infinity": 3,
        "s:28:23:28:Infinity": 4,
        "s:29:8:29:Infinity": 5,
        "s:31:8:31:Infinity": 6,
        "s:37:8:58:Infinity": 7,
        "f:38:4:38:5": 2,
        "b:38:34:38:57": 2,
        "b:39:6:42:Infinity:undefined:undefined:undefined:undefined": 3,
        "s:39:6:42:Infinity": 8,
        "s:40:8:40:Infinity": 9,
        "s:41:8:41:Infinity": 10,
        "s:44:33:44:Infinity": 11,
        "b:47:6:53:Infinity:51:13:53:Infinity": 4,
        "s:47:6:53:Infinity": 12,
        "s:48:14:48:Infinity": 13,
        "s:50:8:50:Infinity": 14,
        "s:52:8:52:Infinity": 15,
        "s:55:6:55:Infinity": 16,
        "s:60:8:71:Infinity": 17,
        "f:61:4:61:5": 3,
        "b:61:34:61:57": 5,
        "s:62:21:62:Infinity": 18,
        "b:64:6:68:Infinity:undefined:undefined:undefined:undefined": 6,
        "s:64:6:68:Infinity": 19,
        "s:65:8:65:Infinity": 20,
        "s:67:8:67:Infinity": 21,
        "s:73:8:86:Infinity": 22,
        "f:73:37:73:43": 4,
        "s:74:4:85:Infinity": 23,
        "f:75:6:75:7": 5,
        "s:76:14:76:Infinity": 24,
        "s:77:14:77:Infinity": 25,
        "s:79:8:82:Infinity": 26,
        "s:88:2:94:Infinity": 27
      }
    }
  },
  "/Users/pkuzina/workspace/my-npm-resources/utils-kit/packages/react-url-query-params/src/utils.ts": {
    "path": "/Users/pkuzina/workspace/my-npm-resources/utils-kit/packages/react-url-query-params/src/utils.ts",
    "statementMap": {
      "0": { "start": { "line": 1, "column": 26 }, "end": { "line": 1, "column": null } },
      "1": { "start": { "line": 1, "column": 42 }, "end": { "line": 1, "column": null } }
    },
    "fnMap": {
      "0": {
        "name": "(anonymous_0)",
        "decl": { "start": { "line": 1, "column": 26 }, "end": { "line": 1, "column": 27 } },
        "loc": { "start": { "line": 1, "column": 42 }, "end": { "line": 1, "column": null } },
        "line": 1
      }
    },
    "branchMap": {
      "0": {
        "loc": { "start": { "line": 1, "column": 42 }, "end": { "line": 1, "column": null } },
        "type": "cond-expr",
        "locations": [
          { "start": { "line": 1, "column": 46 }, "end": { "line": 1, "column": 80 } },
          { "start": { "line": 1, "column": 80 }, "end": { "line": 1, "column": null } }
        ],
        "line": 1
      }
    },
    "s": { "0": 2, "1": 133 },
    "f": { "0": 133 },
    "b": { "0": [133, 0] },
    "meta": {
      "lastBranch": 1,
      "lastFunction": 1,
      "lastStatement": 2,
      "seen": {
        "s:1:26:1:Infinity": 0,
        "f:1:26:1:27": 0,
        "s:1:42:1:Infinity": 1,
        "b:1:46:1:80:1:80:1:Infinity": 0
      }
    }
  }
}
