TN:
SF:src/useBulkUrlParams.ts
FN:17,useBulkUrlParams
FN:27,(anonymous_1)
FN:30,(anonymous_2)
FN:39,(anonymous_3)
FN:43,(anonymous_4)
FN:47,(anonymous_5)
FN:60,(anonymous_6)
FN:63,(anonymous_7)
FNF:8
FNH:8
FNDA:9,useBulkUrlParams
FNDA:4,(anonymous_1)
FNDA:6,(anonymous_2)
FNDA:9,(anonymous_3)
FNDA:18,(anonymous_4)
FNDA:36,(anonymous_5)
FNDA:1,(anonymous_6)
FNDA:2,(anonymous_7)
DA:20,9
DA:26,9
DA:28,4
DA:30,4
DA:31,6
DA:34,4
DA:39,9
DA:40,9
DA:41,9
DA:43,9
DA:44,18
DA:45,18
DA:47,18
DA:48,36
DA:50,36
DA:56,9
DA:59,9
DA:61,1
DA:63,1
DA:64,2
DA:65,2
DA:69,1
DA:74,9
LF:23
LH:23
BRDA:27,0,0,4
BRDA:60,1,0,1
BRDA:64,2,0,2
BRDA:64,2,1,0
BRF:4
BRH:3
end_of_record
TN:
SF:src/useUrlParams.ts
FN:18,useUrlParams
FN:26,(anonymous_1)
FN:38,(anonymous_2)
FN:61,(anonymous_3)
FN:73,(anonymous_4)
FN:75,(anonymous_5)
FNF:6
FNH:6
FNDA:11,useUrlParams
FNDA:4,(anonymous_1)
FNDA:5,(anonymous_2)
FNDA:1,(anonymous_3)
FNDA:11,(anonymous_4)
FNDA:23,(anonymous_5)
DA:21,11
DA:23,11
DA:25,11
DA:27,4
DA:28,4
DA:29,4
DA:31,4
DA:37,11
DA:39,5
DA:40,2
DA:41,2
DA:44,3
DA:47,3
DA:48,3
DA:50,3
DA:52,0
DA:55,3
DA:60,11
DA:62,1
DA:64,1
DA:65,1
DA:67,1
DA:73,11
DA:74,11
DA:76,23
DA:77,23
DA:79,23
DA:88,11
LF:28
LH:27
BRDA:26,0,0,4
BRDA:27,1,0,4
BRDA:27,1,1,0
BRDA:38,2,0,5
BRDA:39,3,0,2
BRDA:39,3,1,3
BRDA:47,4,0,3
BRDA:47,4,1,0
BRDA:61,5,0,1
BRDA:64,6,0,1
BRDA:64,6,1,0
BRF:11
BRH:8
end_of_record
TN:
SF:src/utils.ts
FN:1,(anonymous_0)
FNF:1
FNH:1
FNDA:133,(anonymous_0)
DA:1,133
LF:1
LH:1
BRDA:1,0,0,133
BRDA:1,0,1,0
BRF:2
BRH:1
end_of_record
